11:31:15.396 [main] INFO  com.github.driversti.erepublik.friendsadd.Runner - Got job for adding citizens with IDs between 178 and 180, from countries [Estonia,Lithuania,Ukraine], except countries [], add blocked citizens: false, add dead citizens: false, add banned citizens: false
11:31:15.399 [main] INFO  com.github.driversti.erepublik.friendsadd.Runner - "John Doe" [178] is dead. Skipping...
11:31:17.904 [main] INFO  com.github.driversti.erepublik.friendsadd.Runner - "John Doe" [179] is dead. Skipping...
11:31:20.411 [main] INFO  com.github.driversti.erepublik.friendsadd.Runner - "John Doe" [180] is dead. Skipping...
11:31:20.434 [main] INFO  com.github.driversti.erepublik.friendsadd.Runner - Got job for adding citizens with IDs between 178 and 178, from countries [ALL], except countries [], add blocked citizens: false, add dead citizens: false, add banned citizens: false
11:31:20.437 [main] INFO  com.github.driversti.erepublik.friendsadd.Runner - Got job for adding citizens with IDs between 178 and 178, from countries [ALL], except countries [Hungary,Russia,Serbia], add blocked citizens: false, add dead citizens: false, add banned citizens: false
11:31:20.438 [main] INFO  com.github.driversti.erepublik.friendsadd.Runner - "John Doe" [178] is a citizen of excluded country [HUNGARY, SERBIA, RUSSIA]
11:31:20.440 [main] INFO  com.github.driversti.erepublik.friendsadd.Runner - Got job for adding citizens with IDs between 178 and 178, from countries [ALL], except countries [Hungary,Russia,Serbia], add blocked citizens: false, add dead citizens: false, add banned citizens: false
11:31:20.440 [main] INFO  com.github.driversti.erepublik.friendsadd.Runner - "John Doe" [178] is dead. Skipping...
11:31:20.443 [main] INFO  com.github.driversti.erepublik.friendsadd.Runner - Got job for adding citizens with IDs between 178 and 178, from countries [ALL], except countries [Hungary,Russia,Serbia], add blocked citizens: false, add dead citizens: false, add banned citizens: false
11:31:20.443 [main] INFO  com.github.driversti.erepublik.friendsadd.Runner - "John Doe" [178] is a citizen of excluded country [HUNGARY, SERBIA, RUSSIA]
11:31:20.444 [main] INFO  com.github.driversti.erepublik.friendsadd.Runner - Got job for adding citizens with IDs between 178 and 178, from countries [ALL], except countries [Hungary,Russia,Serbia], add blocked citizens: false, add dead citizens: false, add banned citizens: false
11:31:20.444 [main] INFO  com.github.driversti.erepublik.friendsadd.Runner - "John Doe" [178] is a citizen of excluded country [HUNGARY, SERBIA, RUSSIA]
11:31:20.455 [main] INFO  com.github.driversti.erepublik.friendsadd.JobConfigFactory - The latest registered player has ID: 0
11:32:00.711 [main] INFO  com.github.driversti.erepublik.friendsadd.JobConfigFactory - The latest registered player has ID: 0
11:42:27.578 [main] INFO  com.github.driversti.erepublik.friendsadd.JobConfigFactory - The latest registered player has ID: 0
11:43:22.493 [main] INFO  com.github.driversti.erepublik.friendsadd.JobConfigFactory - The latest registered player has ID: 0
11:44:52.954 [main] INFO  com.github.driversti.erepublik.friendsadd.JobConfigFactory - The latest registered player has ID: 0
11:46:51.682 [main] INFO  com.github.driversti.erepublik.friendsadd.JobConfigFactory - The latest registered player has ID: 0
11:48:06.080 [main] INFO  com.github.driversti.erepublik.friendsadd.JobConfigFactory - The latest registered player has ID: 200
11:48:36.831 [main] INFO  com.github.driversti.erepublik.friendsadd.JobConfigFactory - The latest registered player has ID: 200
11:49:13.285 [main] INFO  com.github.driversti.erepublik.friendsadd.Runner - Got job for adding citizens with IDs between 178 and 180, from countries [Estonia,Lithuania,Ukraine], except countries [], add blocked citizens: false, add dead citizens: false, add banned citizens: false
11:49:13.287 [main] INFO  com.github.driversti.erepublik.friendsadd.Runner - "John Doe" [178] is dead. Skipping...
11:49:15.790 [main] INFO  com.github.driversti.erepublik.friendsadd.Runner - "John Doe" [179] is dead. Skipping...
11:49:18.297 [main] INFO  com.github.driversti.erepublik.friendsadd.Runner - "John Doe" [180] is dead. Skipping...
11:49:18.317 [main] INFO  com.github.driversti.erepublik.friendsadd.Runner - Got job for adding citizens with IDs between 178 and 178, from countries [ALL], except countries [], add blocked citizens: false, add dead citizens: false, add banned citizens: false
11:49:18.320 [main] INFO  com.github.driversti.erepublik.friendsadd.Runner - Got job for adding citizens with IDs between 178 and 178, from countries [ALL], except countries [Hungary,Russia,Serbia], add blocked citizens: false, add dead citizens: false, add banned citizens: false
11:49:18.320 [main] INFO  com.github.driversti.erepublik.friendsadd.Runner - "John Doe" [178] is a citizen of excluded country [HUNGARY, RUSSIA, SERBIA]
11:49:18.322 [main] INFO  com.github.driversti.erepublik.friendsadd.Runner - Got job for adding citizens with IDs between 178 and 178, from countries [ALL], except countries [Hungary,Russia,Serbia], add blocked citizens: false, add dead citizens: false, add banned citizens: false
11:49:18.322 [main] INFO  com.github.driversti.erepublik.friendsadd.Runner - "John Doe" [178] is dead. Skipping...
11:49:18.325 [main] INFO  com.github.driversti.erepublik.friendsadd.Runner - Got job for adding citizens with IDs between 178 and 178, from countries [ALL], except countries [Hungary,Russia,Serbia], add blocked citizens: false, add dead citizens: false, add banned citizens: false
11:49:18.325 [main] INFO  com.github.driversti.erepublik.friendsadd.Runner - "John Doe" [178] is a citizen of excluded country [HUNGARY, RUSSIA, SERBIA]
11:49:18.326 [main] INFO  com.github.driversti.erepublik.friendsadd.Runner - Got job for adding citizens with IDs between 178 and 178, from countries [ALL], except countries [Hungary,Russia,Serbia], add blocked citizens: false, add dead citizens: false, add banned citizens: false
11:49:18.326 [main] INFO  com.github.driversti.erepublik.friendsadd.Runner - "John Doe" [178] is a citizen of excluded country [HUNGARY, RUSSIA, SERBIA]
11:49:18.336 [main] INFO  com.github.driversti.erepublik.friendsadd.JobConfigFactory - The latest registered player has ID: 200
11:50:03.454 [main] INFO  com.github.driversti.erepublik.friendsadd.Runner - Got job for adding citizens with IDs between 178 and 180, from countries [Estonia,Lithuania,Ukraine], except countries [], add blocked citizens: false, add dead citizens: false, add banned citizens: false
11:50:03.456 [main] INFO  com.github.driversti.erepublik.friendsadd.Runner - "John Doe" [178] is dead. Skipping...
11:50:05.963 [main] INFO  com.github.driversti.erepublik.friendsadd.Runner - "John Doe" [179] is dead. Skipping...
11:50:08.471 [main] INFO  com.github.driversti.erepublik.friendsadd.Runner - "John Doe" [180] is dead. Skipping...
13:01:13.847 [main] INFO  com.github.driversti.erepublik.friendsadd.Runner - Got job for adding citizens with IDs between 178 and 180, from countries [Estonia,Lithuania,Ukraine], except countries [], add blocked citizens: false, add dead citizens: false, add banned citizens: false
13:02:51.608 [main] INFO  com.github.driversti.erepublik.friendsadd.Runner - "John Doe" [178] is dead. Skipping...
13:02:58.594 [main] INFO  com.github.driversti.erepublik.friendsadd.Runner - Got job for adding citizens with IDs between 178 and 180, from countries [Estonia,Lithuania,Ukraine], except countries [], add blocked citizens: false, add dead citizens: false, add banned citizens: false
13:02:58.597 [main] INFO  com.github.driversti.erepublik.friendsadd.Runner - Friendship request has been sent to "John Doe" [178] Ukraine
13:03:01.105 [main] INFO  com.github.driversti.erepublik.friendsadd.Runner - Friendship request has been sent to "John Doe" [179] Ukraine
13:03:03.610 [main] INFO  com.github.driversti.erepublik.friendsadd.Runner - Friendship request has been sent to "John Doe" [180] Ukraine
13:04:45.912 [main] INFO  com.github.driversti.erepublik.friendsadd.Runner - Got job for adding citizens with IDs between 178 and 178, from countries [ALL], except countries [Hungary,Russia,Serbia], add blocked citizens: false, add dead citizens: false, add banned citizens: false
13:04:45.914 [main] INFO  com.github.driversti.erepublik.friendsadd.Runner - Friendship request has been sent to "John Doe" [178] USA
13:04:54.744 [main] INFO  com.github.driversti.erepublik.friendsadd.Runner - Got job for adding citizens with IDs between 178 and 178, from countries [ALL], except countries [], add blocked citizens: false, add dead citizens: false, add banned citizens: false
13:04:54.754 [main] INFO  com.github.driversti.erepublik.friendsadd.Runner - Got job for adding citizens with IDs between 178 and 180, from countries [Estonia,Lithuania,Ukraine], except countries [], add blocked citizens: false, add dead citizens: false, add banned citizens: false
13:04:54.754 [main] INFO  com.github.driversti.erepublik.friendsadd.Runner - Friendship request has been sent to "John Doe" [178] Ukraine
13:04:57.262 [main] INFO  com.github.driversti.erepublik.friendsadd.Runner - Friendship request has been sent to "John Doe" [179] Ukraine
13:04:59.769 [main] INFO  com.github.driversti.erepublik.friendsadd.Runner - Friendship request has been sent to "John Doe" [180] Ukraine
13:04:59.780 [main] INFO  com.github.driversti.erepublik.friendsadd.Runner - Got job for adding citizens with IDs between 178 and 178, from countries [ALL], except countries [Hungary,Russia,Serbia], add blocked citizens: false, add dead citizens: false, add banned citizens: false
13:04:59.781 [main] INFO  com.github.driversti.erepublik.friendsadd.Runner - "John Doe" [178] is a citizen of excluded country [HUNGARY, RUSSIA, SERBIA]
13:04:59.784 [main] INFO  com.github.driversti.erepublik.friendsadd.Runner - Got job for adding citizens with IDs between 178 and 178, from countries [ALL], except countries [Hungary,Russia,Serbia], add blocked citizens: false, add dead citizens: false, add banned citizens: false
13:04:59.784 [main] INFO  com.github.driversti.erepublik.friendsadd.Runner - "John Doe" [178] is a citizen of excluded country [HUNGARY, RUSSIA, SERBIA]
13:04:59.786 [main] INFO  com.github.driversti.erepublik.friendsadd.Runner - Got job for adding citizens with IDs between 178 and 178, from countries [ALL], except countries [Hungary,Russia,Serbia], add blocked citizens: false, add dead citizens: false, add banned citizens: false
13:04:59.787 [main] INFO  com.github.driversti.erepublik.friendsadd.Runner - Friendship request has been sent to "John Doe" [178] USA
13:04:59.790 [main] INFO  com.github.driversti.erepublik.friendsadd.Runner - Got job for adding citizens with IDs between 178 and 178, from countries [ALL], except countries [Hungary,Russia,Serbia], add blocked citizens: false, add dead citizens: false, add banned citizens: false
13:04:59.790 [main] INFO  com.github.driversti.erepublik.friendsadd.Runner - "John Doe" [178] is a citizen of excluded country [HUNGARY, RUSSIA, SERBIA]
13:10:13.713 [main] INFO  com.github.driversti.erepublik.friendsadd.Runner - Got job for adding citizens with IDs between 178 and 178, from countries [ALL], except countries [], add blocked citizens: false, add dead citizens: false, add banned citizens: false
13:10:13.723 [main] INFO  com.github.driversti.erepublik.friendsadd.Runner - Got job for adding citizens with IDs between 178 and 180, from countries [Estonia,Lithuania,Ukraine], except countries [], add blocked citizens: false, add dead citizens: false, add banned citizens: false
13:10:13.723 [main] INFO  com.github.driversti.erepublik.friendsadd.Runner - Friendship request has been sent to "John Doe" [178] Ukraine
13:10:16.229 [main] INFO  com.github.driversti.erepublik.friendsadd.Runner - Friendship request has been sent to "John Doe" [179] Ukraine
13:10:18.736 [main] INFO  com.github.driversti.erepublik.friendsadd.Runner - Friendship request has been sent to "John Doe" [180] Ukraine
13:10:18.743 [main] INFO  com.github.driversti.erepublik.friendsadd.Runner - Got job for adding citizens with IDs between 178 and 178, from countries [ALL], except countries [Hungary,Russia,Serbia], add blocked citizens: false, add dead citizens: false, add banned citizens: false
13:10:18.743 [main] INFO  com.github.driversti.erepublik.friendsadd.Runner - "John Doe" [178] is a citizen of excluded country [SERBIA, HUNGARY, RUSSIA]
13:10:18.745 [main] INFO  com.github.driversti.erepublik.friendsadd.Runner - Got job for adding citizens with IDs between 178 and 178, from countries [ALL], except countries [Hungary,Russia,Serbia], add blocked citizens: false, add dead citizens: false, add banned citizens: false
13:10:18.745 [main] INFO  com.github.driversti.erepublik.friendsadd.Runner - "John Doe" [178] is a citizen of excluded country [SERBIA, HUNGARY, RUSSIA]
13:10:18.746 [main] INFO  com.github.driversti.erepublik.friendsadd.Runner - Got job for adding citizens with IDs between 178 and 178, from countries [ALL], except countries [Hungary,Russia,Serbia], add blocked citizens: false, add dead citizens: false, add banned citizens: false
13:10:18.746 [main] INFO  com.github.driversti.erepublik.friendsadd.Runner - Friendship request has been sent to "John Doe" [178] USA
13:10:18.748 [main] INFO  com.github.driversti.erepublik.friendsadd.Runner - Got job for adding citizens with IDs between 178 and 178, from countries [ALL], except countries [Hungary,Russia,Serbia], add blocked citizens: false, add dead citizens: false, add banned citizens: false
13:10:18.748 [main] INFO  com.github.driversti.erepublik.friendsadd.Runner - "John Doe" [178] is a citizen of excluded country [SERBIA, HUNGARY, RUSSIA]
13:10:58.990 [main] INFO  com.github.driversti.erepublik.friendsadd.Runner - Got job for adding citizens with IDs between 178 and 178, from countries [ALL], except countries [], add blocked citizens: false, add dead citizens: false, add banned citizens: false
13:11:18.059 [main] INFO  com.github.driversti.erepublik.friendsadd.Runner - Got job for adding citizens with IDs between 178 and 178, from countries [ALL], except countries [], add blocked citizens: false, add dead citizens: false, add banned citizens: false
13:11:18.062 [main] INFO  com.github.driversti.erepublik.friendsadd.Runner - "John Doe" [178] is dead. Skipping...
13:11:37.003 [main] INFO  com.github.driversti.erepublik.friendsadd.Runner - Got job for adding citizens with IDs between 178 and 178, from countries [ALL], except countries [], add blocked citizens: false, add dead citizens: false, add banned citizens: false
13:11:37.006 [main] INFO  com.github.driversti.erepublik.friendsadd.Runner - "John Doe" [178] is banned. Skipping...
13:11:37.013 [main] INFO  com.github.driversti.erepublik.friendsadd.Runner - Got job for adding citizens with IDs between 178 and 180, from countries [Estonia,Lithuania,Ukraine], except countries [], add blocked citizens: false, add dead citizens: false, add banned citizens: false
13:11:37.013 [main] INFO  com.github.driversti.erepublik.friendsadd.Runner - Friendship request has been sent to "John Doe" [178] Ukraine
13:11:39.519 [main] INFO  com.github.driversti.erepublik.friendsadd.Runner - Friendship request has been sent to "John Doe" [179] Ukraine
13:11:42.026 [main] INFO  com.github.driversti.erepublik.friendsadd.Runner - Friendship request has been sent to "John Doe" [180] Ukraine
13:11:42.032 [main] INFO  com.github.driversti.erepublik.friendsadd.Runner - Got job for adding citizens with IDs between 178 and 178, from countries [ALL], except countries [Hungary,Russia,Serbia], add blocked citizens: false, add dead citizens: false, add banned citizens: false
13:11:42.033 [main] INFO  com.github.driversti.erepublik.friendsadd.Runner - "John Doe" [178] is a citizen of excluded country [SERBIA, HUNGARY, RUSSIA]
13:11:42.036 [main] INFO  com.github.driversti.erepublik.friendsadd.Runner - Got job for adding citizens with IDs between 178 and 178, from countries [ALL], except countries [Hungary,Russia,Serbia], add blocked citizens: false, add dead citizens: false, add banned citizens: false
13:11:42.036 [main] INFO  com.github.driversti.erepublik.friendsadd.Runner - "John Doe" [178] is a citizen of excluded country [SERBIA, HUNGARY, RUSSIA]
13:11:42.038 [main] INFO  com.github.driversti.erepublik.friendsadd.Runner - Got job for adding citizens with IDs between 178 and 178, from countries [ALL], except countries [Hungary,Russia,Serbia], add blocked citizens: false, add dead citizens: false, add banned citizens: false
13:11:42.039 [main] INFO  com.github.driversti.erepublik.friendsadd.Runner - Friendship request has been sent to "John Doe" [178] USA
13:11:42.041 [main] INFO  com.github.driversti.erepublik.friendsadd.Runner - Got job for adding citizens with IDs between 178 and 178, from countries [ALL], except countries [Hungary,Russia,Serbia], add blocked citizens: false, add dead citizens: false, add banned citizens: false
13:11:42.041 [main] INFO  com.github.driversti.erepublik.friendsadd.Runner - "John Doe" [178] is a citizen of excluded country [SERBIA, HUNGARY, RUSSIA]
13:12:35.627 [main] INFO  com.github.driversti.erepublik.friendsadd.Runner - Got job for adding citizens with IDs between 178 and 178, from countries [ALL], except countries [], add blocked citizens: false, add dead citizens: false, add banned citizens: false
13:12:35.629 [main] INFO  com.github.driversti.erepublik.friendsadd.Runner - "John Doe" [178] is banned. Skipping...
13:12:35.635 [main] INFO  com.github.driversti.erepublik.friendsadd.Runner - Got job for adding citizens with IDs between 178 and 179, from countries [Estonia,Lithuania,Ukraine], except countries [], add blocked citizens: false, add dead citizens: false, add banned citizens: false
13:12:35.636 [main] INFO  com.github.driversti.erepublik.friendsadd.Runner - Friendship request has been sent to "John Doe" [178] Ukraine
13:12:38.142 [main] INFO  com.github.driversti.erepublik.friendsadd.Runner - Friendship request has been sent to "John Doe" [179] Ukraine
13:12:38.154 [main] INFO  com.github.driversti.erepublik.friendsadd.Runner - Got job for adding citizens with IDs between 178 and 178, from countries [ALL], except countries [], add blocked citizens: false, add dead citizens: false, add banned citizens: false
13:12:38.155 [main] INFO  com.github.driversti.erepublik.friendsadd.Runner - "John Doe" [178] is blocked. Skipping...
13:12:38.158 [main] INFO  com.github.driversti.erepublik.friendsadd.Runner - Got job for adding citizens with IDs between 178 and 178, from countries [ALL], except countries [Hungary,Russia,Serbia], add blocked citizens: false, add dead citizens: false, add banned citizens: false
13:12:38.159 [main] INFO  com.github.driversti.erepublik.friendsadd.Runner - "John Doe" [178] is a citizen of excluded country [RUSSIA, HUNGARY, SERBIA]
13:12:38.162 [main] INFO  com.github.driversti.erepublik.friendsadd.Runner - Got job for adding citizens with IDs between 178 and 178, from countries [ALL], except countries [Hungary,Russia,Serbia], add blocked citizens: false, add dead citizens: false, add banned citizens: false
13:12:38.162 [main] INFO  com.github.driversti.erepublik.friendsadd.Runner - Friendship request has been sent to "John Doe" [178] USA
13:12:38.165 [main] INFO  com.github.driversti.erepublik.friendsadd.Runner - Got job for adding citizens with IDs between 178 and 178, from countries [ALL], except countries [Hungary,Russia,Serbia], add blocked citizens: false, add dead citizens: false, add banned citizens: false
13:12:38.165 [main] INFO  com.github.driversti.erepublik.friendsadd.Runner - "John Doe" [178] is a citizen of excluded country [RUSSIA, HUNGARY, SERBIA]
13:13:00.290 [main] INFO  com.github.driversti.erepublik.friendsadd.Runner - Got job for adding citizens with IDs between 178 and 178, from countries [ALL], except countries [], add blocked citizens: false, add dead citizens: false, add banned citizens: false
13:13:00.292 [main] INFO  com.github.driversti.erepublik.friendsadd.Runner - "John Doe" [178] is banned. Skipping...
13:13:00.299 [main] INFO  com.github.driversti.erepublik.friendsadd.Runner - Got job for adding citizens with IDs between 178 and 179, from countries [Estonia,Lithuania,Ukraine], except countries [], add blocked citizens: false, add dead citizens: false, add banned citizens: false
13:13:00.299 [main] INFO  com.github.driversti.erepublik.friendsadd.Runner - Friendship request has been sent to "John Doe" [178] Ukraine
13:13:02.801 [main] INFO  com.github.driversti.erepublik.friendsadd.Runner - Friendship request has been sent to "John Doe" [179] Ukraine
13:13:02.808 [main] INFO  com.github.driversti.erepublik.friendsadd.Runner - Got job for adding citizens with IDs between 178 and 178, from countries [ALL], except countries [], add blocked citizens: false, add dead citizens: false, add banned citizens: false
13:13:02.808 [main] INFO  com.github.driversti.erepublik.friendsadd.Runner - "John Doe" [178] is blocked. Skipping...
13:13:02.811 [main] INFO  com.github.driversti.erepublik.friendsadd.Runner - Got job for adding citizens with IDs between 178 and 178, from countries [ALL], except countries [], add blocked citizens: false, add dead citizens: false, add banned citizens: false
13:13:02.812 [main] INFO  com.github.driversti.erepublik.friendsadd.Runner - "John Doe" [178] is dead. Skipping...
13:13:02.814 [main] INFO  com.github.driversti.erepublik.friendsadd.Runner - Got job for adding citizens with IDs between 178 and 178, from countries [ALL], except countries [Hungary,Russia,Serbia], add blocked citizens: false, add dead citizens: false, add banned citizens: false
13:13:02.815 [main] INFO  com.github.driversti.erepublik.friendsadd.Runner - Friendship request has been sent to "John Doe" [178] USA
13:13:02.817 [main] INFO  com.github.driversti.erepublik.friendsadd.Runner - Got job for adding citizens with IDs between 178 and 178, from countries [ALL], except countries [Hungary,Russia,Serbia], add blocked citizens: false, add dead citizens: false, add banned citizens: false
13:13:02.818 [main] INFO  com.github.driversti.erepublik.friendsadd.Runner - "John Doe" [178] is a citizen of excluded country [HUNGARY, RUSSIA, SERBIA]
13:28:45.239 [main] INFO  com.github.driversti.erepublik.friendsadd.Runner - Got job for adding citizens with IDs between 178 and 178, from countries [ALL], except countries [], add blocked citizens: false, add dead citizens: false, add banned citizens: false
13:28:45.241 [main] INFO  com.github.driversti.erepublik.friendsadd.Runner - "John Doe" [178] is banned. Skipping...
13:28:45.248 [main] INFO  com.github.driversti.erepublik.friendsadd.Runner - Got job for adding citizens with IDs between 178 and 179, from countries [Estonia,Lithuania,Ukraine], except countries [], add blocked citizens: false, add dead citizens: false, add banned citizens: false
13:28:45.249 [main] INFO  com.github.driversti.erepublik.friendsadd.Runner - Friendship request has been sent to "John Doe" [178] Ukraine
13:28:47.454 [main] INFO  com.github.driversti.erepublik.friendsadd.Runner - Friendship request has been sent to "John Doe" [179] Ukraine
13:28:47.457 [main] INFO  com.github.driversti.erepublik.friendsadd.Runner - Got job for adding citizens with IDs between 178 and 178, from countries [ALL], except countries [], add blocked citizens: false, add dead citizens: false, add banned citizens: false
13:28:47.457 [main] INFO  com.github.driversti.erepublik.friendsadd.Runner - "John Doe" [178] is blocked. Skipping...
13:28:47.458 [main] INFO  com.github.driversti.erepublik.friendsadd.Runner - Got job for adding citizens with IDs between 178 and 178, from countries [ALL], except countries [], add blocked citizens: false, add dead citizens: false, add banned citizens: false
13:28:47.458 [main] INFO  com.github.driversti.erepublik.friendsadd.Runner - "John Doe" [178] is dead. Skipping...
13:28:47.459 [main] INFO  com.github.driversti.erepublik.friendsadd.Runner - Got job for adding citizens with IDs between 178 and 178, from countries [ALL], except countries [Hungary,Russia,Serbia], add blocked citizens: false, add dead citizens: false, add banned citizens: false
13:28:47.460 [main] INFO  com.github.driversti.erepublik.friendsadd.Runner - Friendship request has been sent to "John Doe" [178] USA
13:28:47.461 [main] INFO  com.github.driversti.erepublik.friendsadd.Runner - Got job for adding citizens with IDs between 178 and 178, from countries [ALL], except countries [Hungary,Russia,Serbia], add blocked citizens: false, add dead citizens: false, add banned citizens: false
13:28:47.462 [main] INFO  com.github.driversti.erepublik.friendsadd.Runner - "John Doe" [178] is a citizen of excluded countries [RUSSIA, SERBIA, HUNGARY]. Skipping...
14:00:04.473 [main] INFO  com.github.driversti.erepublik.friendsadd.Runner - Got job for adding citizens with IDs between 178 and 178, from countries [ALL], except countries [], add blocked citizens: false, add dead citizens: false, add banned citizens: false
14:00:04.477 [main] INFO  com.github.driversti.erepublik.friendsadd.Runner - "John Doe" [178] is banned. Skipping...
14:00:04.482 [main] INFO  com.github.driversti.erepublik.friendsadd.Runner - Got job for adding citizens with IDs between 178 and 179, from countries [Estonia,Lithuania,Ukraine], except countries [], add blocked citizens: false, add dead citizens: false, add banned citizens: false
14:00:04.483 [main] INFO  com.github.driversti.erepublik.friendsadd.Runner - Friendship request has been sent to "John Doe" [null] Ukraine
14:00:06.689 [main] INFO  com.github.driversti.erepublik.friendsadd.Runner - Friendship request has been sent to "John Doe" [null] Ukraine
14:00:06.699 [main] INFO  com.github.driversti.erepublik.friendsadd.Runner - Got job for adding citizens with IDs between 178 and 178, from countries [ALL], except countries [], add blocked citizens: false, add dead citizens: false, add banned citizens: false
14:00:06.699 [main] INFO  com.github.driversti.erepublik.friendsadd.Runner - "John Doe" [178] is blocked. Skipping...
14:00:06.700 [main] INFO  com.github.driversti.erepublik.friendsadd.Runner - Got job for adding citizens with IDs between 178 and 178, from countries [ALL], except countries [], add blocked citizens: false, add dead citizens: false, add banned citizens: false
14:00:06.701 [main] INFO  com.github.driversti.erepublik.friendsadd.Runner - "John Doe" [178] is dead. Skipping...
14:00:06.702 [main] INFO  com.github.driversti.erepublik.friendsadd.Runner - Got job for adding citizens with IDs between 178 and 178, from countries [ALL], except countries [Hungary,Russia,Serbia], add blocked citizens: false, add dead citizens: false, add banned citizens: false
14:00:06.702 [main] INFO  com.github.driversti.erepublik.friendsadd.Runner - Friendship request has been sent to "John Doe" [null] USA
14:00:06.703 [main] INFO  com.github.driversti.erepublik.friendsadd.Runner - Got job for adding citizens with IDs between 178 and 178, from countries [ALL], except countries [Hungary,Russia,Serbia], add blocked citizens: false, add dead citizens: false, add banned citizens: false
14:00:06.704 [main] INFO  com.github.driversti.erepublik.friendsadd.Runner - "John Doe" [178] is a citizen [[RUSSIA, HUNGARY, SERBIA]] of excluded countries Hungary. Skipping...
14:00:06.717 [main] INFO  com.github.driversti.erepublik.friendsadd.JobConfigFactory - The latest registered player has ID: 200
